
Showing logs for build [32mexplore-jenkinsx-go-chi-example-d7mw5-2[0m stage [32mfrom-build-pack[0m and container [32mstep-credential-initializer-h568h[0m
{"level":"info","ts":1594352965.48094,"logger":"fallback-logger","caller":"logging/config.go:69","msg":"Fetch GitHub commit ID from kodata failed: open /var/run/ko/refs/heads/0.8.0-ns-support: no such file or directory"}
{"level":"info","ts":1594352965.4815733,"logger":"fallback-logger","caller":"creds-init/main.go:40","msg":"Credentials initialized."}

Showing logs for build [32mexplore-jenkinsx-go-chi-example-d7mw5-2[0m stage [32mfrom-build-pack[0m and container [32mstep-working-dir-initializer-cnpqp[0m
{"level":"info","ts":1594352967.0034938,"logger":"fallback-logger","caller":"logging/config.go:69","msg":"Fetch GitHub commit ID from kodata failed: open /var/run/ko/HEAD: no such file or directory"}
{"level":"info","ts":1594352967.0045855,"logger":"fallback-logger","caller":"bash/main.go:64","msg":"Successfully executed command \"sh -c mkdir -p /workspace/source\"; output "}

Showing logs for build [32mexplore-jenkinsx-go-chi-example-d7mw5-2[0m stage [32mfrom-build-pack[0m and container [32mstep-place-tools[0m

Showing logs for build [32mexplore-jenkinsx-go-chi-example-d7mw5-2[0m stage [32mfrom-build-pack[0m and container [32mstep-git-source-explore-jenkinsx-go-chi-example-d7mw5-sbbsh[0m
{"level":"info","ts":1594352976.0413918,"logger":"fallback-logger","caller":"logging/config.go:69","msg":"Fetch GitHub commit ID from kodata failed: open /var/run/ko/refs/heads/0.8.0-ns-support: no such file or directory"}
{"level":"info","ts":1594352977.0488956,"logger":"fallback-logger","caller":"git/git.go:103","msg":"Successfully cloned https://github.com/explore-jenkinsx/go-chi-example.git @ v0.0.2 in path /workspace/source"}

Showing logs for build [32mexplore-jenkinsx-go-chi-example-d7mw5-2[0m stage [32mfrom-build-pack[0m and container [32mstep-setup-builder-home[0m

Showing logs for build [32mexplore-jenkinsx-go-chi-example-d7mw5-2[0m stage [32mfrom-build-pack[0m and container [32mstep-git-merge[0m
Using SHAs from PULL_REFS=master:28ccf904c70f14df4c6fa697bdc7c7d29f52ce6c
WARNING: no SHAs to merge, falling back to initial cloned commit

Showing logs for build [32mexplore-jenkinsx-go-chi-example-d7mw5-2[0m stage [32mfrom-build-pack[0m and container [32mstep-setup-jx-git-credentials[0m
Generated Git credentials file /workspace/xdg_config/git/credentials

Showing logs for build [32mexplore-jenkinsx-go-chi-example-d7mw5-2[0m stage [32mfrom-build-pack[0m and container [32mstep-build-make-build[0m
go: downloading github.com/go-chi/chi v4.1.1+incompatible
go: extracting github.com/go-chi/chi v4.1.1+incompatible
go: finding github.com/go-chi/chi v4.1.1+incompatible
CGO_ENABLED=0 GO15VENDOREXPERIMENT=1 go build -ldflags '' -o bin/go-chi-example main.go

Showing logs for build [32mexplore-jenkinsx-go-chi-example-d7mw5-2[0m stage [32mfrom-build-pack[0m and container [32mstep-build-container-build[0m
E0710 03:49:51.640643       9 aws_credentials.go:77] while getting AWS credentials NoCredentialProviders: no valid providers in chain. Deprecated.
	For verbose messaging see aws.Config.CredentialsChainVerboseErrors
error checking push permissions -- make sure you entered the correct tag name, and that you are authenticated correctly, and try again: checking push permission for "e2823688-976d-4deb-ba5b-cf1b43a3c0eb/explore-jenkinsx/go-chi-example:0.0.2": resolving authorization for index.docker.io failed: error getting credentials - err: exec: "docker-credential-acr-linux": executable file not found in $PATH, out: ``
[31m
Pipeline failed on stage 'from-build-pack' : container 'step-build-container-build'. The execution of the pipeline has stopped.[0m
